TN:
SF:/Users/diego.zuniga/Projects/@verndale/core/src/Component.js
FN:7,(anonymous_0)
FN:9,(anonymous_1)
FN:9,defineProperties
FN:9,(anonymous_3)
FN:11,_classCallCheck
FN:48,(anonymous_5)
FN:49,Component
FN:98,setupDefaults
FN:108,addListeners
FN:134,get
FN:167,set
FN:182,get
FNF:12
FNH:9
FNDA:0,(anonymous_0)
FNDA:1,(anonymous_1)
FNDA:1,defineProperties
FNDA:1,(anonymous_3)
FNDA:6,_classCallCheck
FNDA:1,(anonymous_5)
FNDA:6,Component
FNDA:3,setupDefaults
FNDA:3,addListeners
FNDA:7,get
FNDA:0,set
FNDA:0,get
DA:3,1
DA:7,1
DA:9,4
DA:11,6
DA:13,1
DA:14,1
DA:48,1
DA:50,6
DA:52,6
DA:54,6
DA:55,0
DA:64,6
DA:65,6
DA:74,6
DA:76,6
DA:78,6
DA:79,6
DA:81,6
DA:82,0
DA:85,6
DA:86,6
DA:96,1
DA:135,7
DA:168,0
DA:170,0
DA:183,0
DA:187,1
DA:190,1
LF:28
LH:23
BRDA:7,0,0,1
BRDA:7,0,1,0
BRDA:7,1,0,0
BRDA:7,1,1,0
BRDA:9,2,0,4
BRDA:9,2,1,4
BRDA:9,3,0,2
BRDA:9,3,1,2
BRDA:9,4,0,1
BRDA:9,4,1,0
BRDA:9,5,0,0
BRDA:9,5,1,1
BRDA:11,6,0,0
BRDA:11,6,1,6
BRDA:50,7,0,1
BRDA:50,7,1,5
BRDA:50,8,0,6
BRDA:50,8,1,1
BRDA:54,9,0,0
BRDA:54,9,1,6
BRDA:64,10,0,6
BRDA:64,10,1,0
BRDA:65,11,0,0
BRDA:65,11,1,6
BRDA:76,12,0,0
BRDA:76,12,1,6
BRDA:76,13,0,6
BRDA:76,13,1,0
BRDA:81,14,0,0
BRDA:81,14,1,6
BRF:30
BRH:18
end_of_record
