TN:
SF:/Users/joe.fusco/Projects/@verndale/core/src/Component.js
FN:1,ownKeys
FN:1,(anonymous_1)
FN:3,_objectSpread
FN:3,(anonymous_3)
FN:3,(anonymous_4)
FN:5,_defineProperty
FN:7,_classCallCheck
FN:9,_defineProperties
FN:11,_createClass
FN:49,(anonymous_9)
FN:50,Component
FN:105,setupDefaults
FN:114,addListeners
FN:139,get
FN:171,set
FN:184,get
FNF:16
FNH:8
FNDA:0,ownKeys
FNDA:0,(anonymous_1)
FNDA:0,_objectSpread
FNDA:0,(anonymous_3)
FNDA:0,(anonymous_4)
FNDA:0,_defineProperty
FNDA:6,_classCallCheck
FNDA:1,_defineProperties
FNDA:1,_createClass
FNDA:1,(anonymous_9)
FNDA:6,Component
FNDA:3,setupDefaults
FNDA:3,addListeners
FNDA:7,get
FNDA:0,set
FNDA:0,get
DA:1,0
DA:3,0
DA:5,0
DA:7,6
DA:9,4
DA:11,1
DA:13,1
DA:14,1
DA:49,1
DA:51,6
DA:53,6
DA:55,6
DA:56,0
DA:66,6
DA:68,6
DA:75,6
DA:77,6
DA:78,0
DA:82,6
DA:83,0
DA:86,6
DA:87,6
DA:89,6
DA:90,0
DA:93,6
DA:94,6
DA:103,1
DA:140,7
DA:172,0
DA:173,0
DA:185,0
DA:189,1
LF:32
LH:22
BRDA:1,0,0,0
BRDA:1,0,1,0
BRDA:1,1,0,0
BRDA:1,1,1,0
BRDA:3,2,0,0
BRDA:3,2,1,0
BRDA:3,3,0,0
BRDA:3,3,1,0
BRDA:3,4,0,0
BRDA:3,4,1,0
BRDA:5,5,0,0
BRDA:5,5,1,0
BRDA:7,6,0,0
BRDA:7,6,1,6
BRDA:9,7,0,4
BRDA:9,7,1,4
BRDA:9,8,0,2
BRDA:9,8,1,2
BRDA:11,9,0,1
BRDA:11,9,1,0
BRDA:11,10,0,0
BRDA:11,10,1,1
BRDA:51,11,0,1
BRDA:51,11,1,5
BRDA:51,12,0,6
BRDA:51,12,1,1
BRDA:55,13,0,0
BRDA:55,13,1,6
BRDA:68,14,0,6
BRDA:68,14,1,0
BRDA:75,15,0,0
BRDA:75,15,1,6
BRDA:77,16,0,0
BRDA:77,16,1,6
BRDA:82,17,0,0
BRDA:82,17,1,6
BRDA:82,18,0,6
BRDA:82,18,1,0
BRDA:82,19,0,0
BRDA:82,19,1,0
BRDA:89,20,0,0
BRDA:89,20,1,6
BRF:42
BRH:18
end_of_record
