TN:
SF:/Users/joe.fusco/Projects/Personal/Verndale/core/core/Component.js
FN:7,(anonymous_1)
FN:9,(anonymous_2)
FN:9,defineProperties
FN:9,(anonymous_4)
FN:11,_classCallCheck
FN:48,(anonymous_6)
FN:49,Component
FN:88,setupDefaults
FN:98,addListeners
FN:124,get
FN:157,set
FN:172,get
FNF:12
FNH:12
FNDA:0,(anonymous_1)
FNDA:1,(anonymous_2)
FNDA:1,defineProperties
FNDA:1,(anonymous_4)
FNDA:6,_classCallCheck
FNDA:1,(anonymous_6)
FNDA:6,Component
FNDA:3,setupDefaults
FNDA:3,addListeners
FNDA:7,get
FNDA:0,set
FNDA:0,get
DA:0,6
DA:1,1
DA:2,1
DA:36,6
DA:37,6
DA:38,0
DA:47,6
DA:49,6
DA:51,6
DA:52,6
DA:54,6
DA:55,0
DA:58,6
DA:59,6
DA:98,7
DA:128,0
DA:133,0
DA:145,0
LF:18
LH:13
BRDA:7,1,0,1
BRDA:7,1,1,0
BRDA:7,2,0,0
BRDA:7,2,1,0
BRDA:9,3,0,4
BRDA:9,3,1,4
BRDA:9,4,0,2
BRDA:9,4,1,2
BRDA:9,5,0,1
BRDA:9,5,1,0
BRDA:9,6,0,0
BRDA:9,6,1,1
BRDA:11,7,0,0
BRDA:11,7,1,6
BRDA:50,8,0,1
BRDA:50,8,1,5
BRDA:50,9,0,6
BRDA:50,9,1,1
BRDA:54,10,0,0
BRDA:54,10,1,6
BRDA:64,11,0,0
BRDA:64,11,1,6
BRDA:66,12,0,0
BRDA:66,12,1,6
BRDA:71,13,0,0
BRDA:71,13,1,6
BRF:26
BRH:22
end_of_record
